<?xml version="1.0" encoding="UTF-8"?>
<!-- Generated by org.testng.reporters.JUnitXMLReporter -->
<testsuite ignored="0" hostname="Mahesh_Babu" failures="1" tests="15" name="ChromeTests" time="270.355" errors="0" timestamp="2025-09-08T12:36:47 IST">
  <testcase classname="tests.RegisterTest" name="verifySignupPageTitle" time="3.232"/>
  <testcase classname="tests.RegisterTest" name="testRegisterPositive" time="39.586"/>
  <testcase classname="tests.RegisterTest" name="testRegisterNegative" time="5.485"/>
  <testcase classname="tests.RegisterTest" name="testRegisterEmptyFields" time="8.202"/>
  <testcase classname="tests.LoginTest" name="verifyLoginPageTitle" time="6.791"/>
  <testcase classname="tests.LoginTest" name="testLoginPositive" time="7.796"/>
  <testcase classname="tests.LoginTest" name="testLoginNegative" time="3.845"/>
  <testcase classname="tests.LoginTest" name="testLoginEmpty" time="2.953"/>
  <testcase classname="tests.ProductFlowTest" name="verifyProductsPageTitle" time="7.197"/>
  <testcase classname="tests.ProductFlowTest" name="verifyProductDetailsPage" time="12.225"/>
  <testcase classname="tests.ProductFlowTest" name="shoppingFlowWithLogin" time="38.966"/>
  <testcase classname="tests.ProductFlowTest" name="completeCheckoutFlow" time="25.871">
    <failure type="org.openqa.selenium.ElementClickInterceptedException" message="element click intercepted: Element &amp;lt;button class=&amp;quot;form-control btn btn-primary submit-button&amp;quot; data-qa=&amp;quot;pay-button&amp;quot; id=&amp;quot;submit&amp;quot; type=&amp;quot;submit&amp;quot;&amp;gt;...&amp;lt;/button&amp;gt; is not clickable at point (760, 565). Other element would receive the click: &amp;lt;div class=&amp;quot;grippy-host&amp;quot;&amp;gt;&amp;lt;/div&amp;gt;
  (Session info: chrome=140.0.7339.81)
Build info: version: &amp;apos;4.23.0&amp;apos;, revision: &amp;apos;4df0a231af&amp;apos;
System info: os.name: &amp;apos;Windows 11&amp;apos;, os.arch: &amp;apos;amd64&amp;apos;, os.version: &amp;apos;10.0&amp;apos;, java.version: &amp;apos;21.0.1&amp;apos;
Driver info: org.openqa.selenium.chrome.ChromeDriver
Command: [4dc7c0513ae47c5ce1e237d26d44008a, clickElement {id=f.2FFB04D041F867708AC59AC968E64875.d.14A5D16AC8802A23B129C5308F4FBCDA.e.2592}]
Capabilities {acceptInsecureCerts: false, browserName: chrome, browserVersion: 140.0.7339.81, chrome: {chromedriverVersion: 140.0.7339.80 (670b6f192f46..., userDataDir: C:\Users\allam\AppData\Loca...}, fedcm:accounts: true, goog:chromeOptions: {debuggerAddress: localhost:53652}, networkConnectionEnabled: false, pageLoadStrategy: normal, platformName: windows, proxy: Proxy(), se:cdp: ws://localhost:53652/devtoo..., se:cdpVersion: 140.0.7339.81, setWindowRect: true, strictFileInteractability: false, timeouts: {implicit: 0, pageLoad: 300000, script: 30000}, unhandledPromptBehavior: dismiss and notify, webauthn:extension:credBlob: true, webauthn:extension:largeBlob: true, webauthn:extension:minPinLength: true, webauthn:extension:prf: true, webauthn:virtualAuthenticators: true}
Element: [[ChromeDriver: chrome on windows (4dc7c0513ae47c5ce1e237d26d44008a)] -&amp;gt; css selector: button[type=&amp;apos;submit&amp;apos;]]
Session ID: 4dc7c0513ae47c5ce1e237d26d44008a">
      <![CDATA[org.openqa.selenium.ElementClickInterceptedException: element click intercepted: Element <button class="form-control btn btn-primary submit-button" data-qa="pay-button" id="submit" type="submit">...</button> is not clickable at point (760, 565). Other element would receive the click: <div class="grippy-host"></div>
  (Session info: chrome=140.0.7339.81)
Build info: version: '4.23.0', revision: '4df0a231af'
System info: os.name: 'Windows 11', os.arch: 'amd64', os.version: '10.0', java.version: '21.0.1'
Driver info: org.openqa.selenium.chrome.ChromeDriver
Command: [4dc7c0513ae47c5ce1e237d26d44008a, clickElement {id=f.2FFB04D041F867708AC59AC968E64875.d.14A5D16AC8802A23B129C5308F4FBCDA.e.2592}]
Capabilities {acceptInsecureCerts: false, browserName: chrome, browserVersion: 140.0.7339.81, chrome: {chromedriverVersion: 140.0.7339.80 (670b6f192f46..., userDataDir: C:\Users\allam\AppData\Loca...}, fedcm:accounts: true, goog:chromeOptions: {debuggerAddress: localhost:53652}, networkConnectionEnabled: false, pageLoadStrategy: normal, platformName: windows, proxy: Proxy(), se:cdp: ws://localhost:53652/devtoo..., se:cdpVersion: 140.0.7339.81, setWindowRect: true, strictFileInteractability: false, timeouts: {implicit: 0, pageLoad: 300000, script: 30000}, unhandledPromptBehavior: dismiss and notify, webauthn:extension:credBlob: true, webauthn:extension:largeBlob: true, webauthn:extension:minPinLength: true, webauthn:extension:prf: true, webauthn:virtualAuthenticators: true}
Element: [[ChromeDriver: chrome on windows (4dc7c0513ae47c5ce1e237d26d44008a)] -> css selector: button[type='submit']]
Session ID: 4dc7c0513ae47c5ce1e237d26d44008a
at org.openqa.selenium.remote.ErrorCodec.decode(ErrorCodec.java:167)
at org.openqa.selenium.remote.codec.w3c.W3CHttpResponseCodec.decode(W3CHttpResponseCodec.java:138)
at org.openqa.selenium.remote.codec.w3c.W3CHttpResponseCodec.decode(W3CHttpResponseCodec.java:50)
at org.openqa.selenium.remote.HttpCommandExecutor.execute(HttpCommandExecutor.java:190)
at org.openqa.selenium.remote.service.DriverCommandExecutor.invokeExecute(DriverCommandExecutor.java:216)
at org.openqa.selenium.remote.service.DriverCommandExecutor.execute(DriverCommandExecutor.java:174)
at org.openqa.selenium.remote.RemoteWebDriver.execute(RemoteWebDriver.java:527)
at org.openqa.selenium.remote.RemoteWebElement.execute(RemoteWebElement.java:223)
at org.openqa.selenium.remote.RemoteWebElement.click(RemoteWebElement.java:76)
at pages.CheckoutPage.clickPayAndConfirm(CheckoutPage.java:33)
at tests.ProductFlowTest.completeCheckoutFlow(ProductFlowTest.java:125)
at java.base/java.util.ArrayList.forEach(ArrayList.java:1596)
at java.base/java.util.concurrent.FutureTask.run(FutureTask.java:317)
at java.base/java.util.concurrent.ThreadPoolExecutor.runWorker(ThreadPoolExecutor.java:1144)
at java.base/java.util.concurrent.ThreadPoolExecutor$Worker.run(ThreadPoolExecutor.java:642)
at java.base/java.lang.Thread.run(Thread.java:1583)
... Removed 18 stack frames]]>
    </failure>
  </testcase> <!-- completeCheckoutFlow -->
  <testcase classname="tests.ContactUsTest" name="verifyContactUsPageLoad" time="2.576"/>
  <testcase classname="tests.ContactUsTest" name="testSubmitContactFormWithFile" time="5.518"/>
  <testcase classname="tests.ContactUsTest" name="verifyYouTubeChannelLoad" time="8.743"/>
</testsuite> <!-- ChromeTests -->
