<?xml version="1.0" encoding="UTF-8"?>
<!-- Generated by org.testng.reporters.JUnitXMLReporter -->
<testsuite ignored="0" hostname="Mahesh_Babu" failures="2" tests="2" name="ProductBuyTests" time="27.403" errors="0" timestamp="2025-09-07T13:23:45 IST">
  <testcase classname="tests.ProductFlowTest" name="shoppingFlowWithLogin" time="6.594">
    <failure type="java.lang.IllegalArgumentException" message="Keys to send should be a not null CharSequence">
      <![CDATA[java.lang.IllegalArgumentException: Keys to send should be a not null CharSequence
at org.openqa.selenium.remote.RemoteWebElement.sendKeys(RemoteWebElement.java:96)
at pages.LoginPage.login(LoginPage.java:20)
at tests.ProductFlowTest.loginIfNotLoggedIn(ProductFlowTest.java:30)
at tests.ProductFlowTest.shoppingFlowWithLogin(ProductFlowTest.java:42)
at java.base/java.util.ArrayList.forEach(ArrayList.java:1596)
... Removed 25 stack frames]]>
    </failure>
  </testcase> <!-- shoppingFlowWithLogin -->
  <testcase classname="tests.ProductFlowTest" name="completeCheckoutFlow" time="9.224">
    <failure type="java.lang.IllegalArgumentException" message="Keys to send should be a not null CharSequence">
      <![CDATA[java.lang.IllegalArgumentException: Keys to send should be a not null CharSequence
at org.openqa.selenium.remote.RemoteWebElement.sendKeys(RemoteWebElement.java:96)
at pages.LoginPage.login(LoginPage.java:20)
at tests.ProductFlowTest.loginIfNotLoggedIn(ProductFlowTest.java:30)
at tests.ProductFlowTest.completeCheckoutFlow(ProductFlowTest.java:69)
at java.base/java.util.ArrayList.forEach(ArrayList.java:1596)
... Removed 25 stack frames]]>
    </failure>
  </testcase> <!-- completeCheckoutFlow -->
</testsuite> <!-- ProductBuyTests -->
