<?xml version="1.0" encoding="UTF-8"?>
<!-- Generated by org.testng.reporters.JUnitXMLReporter -->
<testsuite ignored="0" hostname="Mahesh_Babu" failures="3" tests="6" name="RegisterAndLoginTests" time="32.939" errors="0" timestamp="2025-09-07T09:40:19 IST">
  <testcase classname="tests.RegisterTest" name="testRegisterPositive" time="6.568"/>
  <testcase classname="tests.RegisterTest" name="testRegisterNegative" time="2.142"/>
  <testcase classname="tests.RegisterTest" name="testRegisterEmptyFields" time="0.199"/>
  <testcase classname="tests.LoginTest" name="testLoginPositive" time="0.287">
    <failure type="java.lang.AssertionError" message="User should be logged in with valid credentials expected [true] but found [false]">
      <![CDATA[java.lang.AssertionError: User should be logged in with valid credentials expected [true] but found [false]
at tests.LoginTest.testLoginPositive(LoginTest.java:17)
at java.base/java.util.ArrayList.forEach(ArrayList.java:1596)
... Removed 28 stack frames]]>
    </failure>
  </testcase> <!-- testLoginPositive -->
  <testcase classname="tests.LoginTest" name="testLoginNegative" time="0.229">
    <failure type="java.lang.AssertionError" message="Error should be displayed for wrong password expected [true] but found [false]">
      <![CDATA[java.lang.AssertionError: Error should be displayed for wrong password expected [true] but found [false]
at tests.LoginTest.testLoginNegative(LoginTest.java:30)
at java.base/java.util.ArrayList.forEach(ArrayList.java:1596)
... Removed 28 stack frames]]>
    </failure>
  </testcase> <!-- testLoginNegative -->
  <testcase classname="tests.LoginTest" name="testLoginEmpty" time="0.231">
    <failure type="java.lang.AssertionError" message="Error should be displayed for empty credentials expected [true] but found [false]">
      <![CDATA[java.lang.AssertionError: Error should be displayed for empty credentials expected [true] but found [false]
at tests.LoginTest.testLoginEmpty(LoginTest.java:38)
at java.base/java.util.ArrayList.forEach(ArrayList.java:1596)
... Removed 28 stack frames]]>
    </failure>
  </testcase> <!-- testLoginEmpty -->
</testsuite> <!-- RegisterAndLoginTests -->
