<?xml version="1.0" encoding="UTF-8"?>
<!-- Generated by org.testng.reporters.JUnitXMLReporter -->
<testsuite ignored="0" hostname="Mahesh_Babu" failures="7" tests="8" name="AutomationTests" time="36.926" errors="0" timestamp="2025-09-06T15:19:21 IST">
  <testcase classname="tests.RegisterTest" name="testRegisterEmptyFields" time="3.142">
    <failure type="java.lang.NullPointerException" message="Cannot invoke &amp;quot;String.equalsIgnoreCase(String)&amp;quot; because &amp;quot;gender&amp;quot; is null">
      <![CDATA[java.lang.NullPointerException: Cannot invoke "String.equalsIgnoreCase(String)" because "gender" is null
at pages.RegisterPage.registerFull(RegisterPage.java:47)
at tests.RegisterTest.testRegisterEmptyFields(RegisterTest.java:37)
at java.base/java.util.ArrayList.forEach(ArrayList.java:1596)
... Removed 25 stack frames]]>
    </failure>
  </testcase> <!-- testRegisterEmptyFields -->
  <testcase classname="tests.RegisterTest" name="testRegisterNegative" time="0.016">
    <failure type="org.testng.internal.reflect.MethodMatcherException" message="
[public void tests.RegisterTest.testRegisterNegative(java.lang.String,java.lang.String,java.lang.String)] has no parameters defined but was found to be using a data provider (either explicitly specified or inherited from class level annotation).
Data provider mismatch
Method: testRegisterNegative([java.lang.String arg0, java.lang.String arg1, java.lang.String arg2])
Arguments: [(java.lang.String) ,(java.lang.String) invalid-email,(java.lang.String) 123,(java.lang.String) ,(java.lang.String) ,(java.lang.String) ,(java.lang.String) ,(java.lang.String) ,(java.lang.String) ,(java.lang.String) ,(java.lang.String) ,(java.lang.String) ,(java.lang.String) ,(java.lang.String) ,(java.lang.String) ]">
      <![CDATA[org.testng.internal.reflect.MethodMatcherException: 
[public void tests.RegisterTest.testRegisterNegative(java.lang.String,java.lang.String,java.lang.String)] has no parameters defined but was found to be using a data provider (either explicitly specified or inherited from class level annotation).
Data provider mismatch
Method: testRegisterNegative([java.lang.String arg0, java.lang.String arg1, java.lang.String arg2])
Arguments: [(java.lang.String) ,(java.lang.String) invalid-email,(java.lang.String) 123,(java.lang.String) ,(java.lang.String) ,(java.lang.String) ,(java.lang.String) ,(java.lang.String) ,(java.lang.String) ,(java.lang.String) ,(java.lang.String) ,(java.lang.String) ,(java.lang.String) ,(java.lang.String) ,(java.lang.String) ]
at java.base/java.util.ArrayList.forEach(ArrayList.java:1596)
... Removed 22 stack frames]]>
    </failure>
  </testcase> <!-- testRegisterNegative -->
  <testcase classname="tests.RegisterTest" name="testRegisterPositive" time="0.025">
    <failure type="org.testng.internal.reflect.MethodMatcherException" message="
[public void tests.RegisterTest.testRegisterPositive(java.lang.String,java.lang.String,java.lang.String)] has no parameters defined but was found to be using a data provider (either explicitly specified or inherited from class level annotation).
Data provider mismatch
Method: testRegisterPositive([java.lang.String arg0, java.lang.String arg1, java.lang.String arg2])
Arguments: [(java.lang.String) Mahesh Babu,(java.lang.String) mahesh060925151849@gmail.com,(java.lang.String) Password@123,(java.lang.String) Mr,(java.lang.String) 5,(java.lang.String) May,(java.lang.String) 1995,(java.lang.String) Test,(java.lang.String) User,(java.lang.String) Hyderabad,(java.lang.String) India,(java.lang.String) Telangana,(java.lang.String) Hyderabad,(java.lang.String) 500072,(java.lang.String) 9876543210]">
      <![CDATA[org.testng.internal.reflect.MethodMatcherException: 
[public void tests.RegisterTest.testRegisterPositive(java.lang.String,java.lang.String,java.lang.String)] has no parameters defined but was found to be using a data provider (either explicitly specified or inherited from class level annotation).
Data provider mismatch
Method: testRegisterPositive([java.lang.String arg0, java.lang.String arg1, java.lang.String arg2])
Arguments: [(java.lang.String) Mahesh Babu,(java.lang.String) mahesh060925151849@gmail.com,(java.lang.String) Password@123,(java.lang.String) Mr,(java.lang.String) 5,(java.lang.String) May,(java.lang.String) 1995,(java.lang.String) Test,(java.lang.String) User,(java.lang.String) Hyderabad,(java.lang.String) India,(java.lang.String) Telangana,(java.lang.String) Hyderabad,(java.lang.String) 500072,(java.lang.String) 9876543210]
at java.base/java.util.ArrayList.forEach(ArrayList.java:1596)
... Removed 22 stack frames]]>
    </failure>
  </testcase> <!-- testRegisterPositive -->
  <testcase classname="tests.LoginTest" name="testLoginEmptyFields" time="23.163">
    <failure type="java.lang.AssertionError" message="expected [true] but found [false]">
      <![CDATA[java.lang.AssertionError: expected [true] but found [false]
at tests.LoginTest.testLoginEmptyFields(LoginTest.java:40)
at java.base/java.util.ArrayList.forEach(ArrayList.java:1596)
... Removed 29 stack frames]]>
    </failure>
  </testcase> <!-- testLoginEmptyFields -->
  <testcase classname="tests.LoginTest" name="testLoginNegative" time="4.101"/>
  <testcase classname="tests.LoginTest" name="testLoginPositive" time="0.007">
    <failure type="java.lang.AssertionError" message="No registered users available! expected [true] but found [false]">
      <![CDATA[java.lang.AssertionError: No registered users available! expected [true] but found [false]
at tests.LoginTest.testLoginPositive(LoginTest.java:14)
at java.base/java.util.ArrayList.forEach(ArrayList.java:1596)
... Removed 28 stack frames]]>
    </failure>
  </testcase> <!-- testLoginPositive -->
  <testcase classname="tests.ProductsTest" name="testAddProductToCartAndVerify" time="0.004">
    <failure type="java.lang.Error" message="Unresolved compilation problems: 
	The method viewFirstProduct() is undefined for the type ProductPage
	The method addToCart() is undefined for the type ProductPage
	The method openCart() is undefined for the type CartPage
	The method getCartItemCount() is undefined for the type CartPage
">
      <![CDATA[java.lang.Error: Unresolved compilation problems: 
The method viewFirstProduct() is undefined for the type ProductPage
The method addToCart() is undefined for the type ProductPage
The method openCart() is undefined for the type CartPage
The method getCartItemCount() is undefined for the type CartPage

at tests.ProductsTest.testAddProductToCartAndVerify(ProductsTest.java:19)
at java.base/java.util.ArrayList.forEach(ArrayList.java:1596)
... Removed 25 stack frames]]>
    </failure>
  </testcase> <!-- testAddProductToCartAndVerify -->
  <testcase classname="tests.CartTest" name="testProceedToCheckout" time="0.003">
    <failure type="java.lang.Error" message="Unresolved compilation problems: 
	The method getCartItemCount() is undefined for the type CartPage
	The method proceedToCheckout() is undefined for the type CartPage
">
      <![CDATA[java.lang.Error: Unresolved compilation problems: 
The method getCartItemCount() is undefined for the type CartPage
The method proceedToCheckout() is undefined for the type CartPage

at tests.CartTest.testProceedToCheckout(CartTest.java:17)
at java.base/java.util.ArrayList.forEach(ArrayList.java:1596)
... Removed 25 stack frames]]>
    </failure>
  </testcase> <!-- testProceedToCheckout -->
</testsuite> <!-- AutomationTests -->
