<!DOCTYPE html PUBLIC "-//W3C//DTD XHTML 1.1//EN" "https://www.w3.org/TR/xhtml11/DTD/xhtml11.dtd">
<html xmlns="https://www.w3.org/1999/xhtml">
<head>
<meta http-equiv="content-type" content="text/html; charset=UTF-8"/>
<title>TestNG Report</title>
<style type="text/css">table {margin-bottom:10px;border-collapse:collapse;empty-cells:show}th,td {border:1px solid #009;padding:.25em .5em}th {vertical-align:bottom}td {vertical-align:top}table a {font-weight:bold}.stripe td {background-color: #E6EBF9}.num {text-align:right}.passedodd td {background-color: #3F3}.passedeven td {background-color: #0A0}.skippedodd td {background-color: #DDD}.skippedeven td {background-color: #CCC}.failedodd td,.attn {background-color: #F33}.failedeven td,.stripe .attn {background-color: #D00}.stacktrace {white-space:pre;font-family:monospace}.totop {font-size:85%;text-align:center;border-bottom:2px solid #000}.invisible {display:none}</style>
</head>
<body>
<table>
<tr><th>Test</th><th># Passed</th><th># Skipped</th><th># Retried</th><th># Failed</th><th>Time (ms)</th><th>Included Groups</th><th>Excluded Groups</th></tr>
<tr><th colspan="8">AutomationExerciseSuite</th></tr>
<tr><td><a href="#t0">RegisterTests</a></td><td class="num">3</td><td class="num">0</td><td class="num">0</td><td class="num attn">1</td><td class="num">67,721</td><td></td><td></td></tr>
<tr class="stripe"><td><a href="#t1">LoginTests</a></td><td class="num">4</td><td class="num">0</td><td class="num">0</td><td class="num">0</td><td class="num">29,939</td><td></td><td></td></tr>
<tr><td><a href="#t2">ProductCartTests</a></td><td class="num">3</td><td class="num">0</td><td class="num">0</td><td class="num attn">1</td><td class="num">60,626</td><td></td><td></td></tr>
<tr class="stripe"><td><a href="#t3">contactTests</a></td><td class="num">1</td><td class="num">0</td><td class="num">0</td><td class="num attn">2</td><td class="num">13,069</td><td></td><td></td></tr>
<tr><th>Total</th><th class="num">11</th><th class="num">0</th><th class="num">0</th><th class="num attn">4</th><th class="num">171,355</th><th colspan="2"></th></tr>
</table>
<table id='summary'><thead><tr><th>Class</th><th>Method</th><th>Start</th><th>Time (ms)</th></tr></thead><tbody><tr><th colspan="4">AutomationExerciseSuite</th></tr></tbody><tbody id="t0"><tr><th colspan="4">RegisterTests &#8212; failed</th></tr><tr class="failedeven"><td rowspan="1">tests.RegisterTest</td><td><a href="#m0">verifySignupPageTitle</a></td><td rowspan="1">1757312911243</td><td rowspan="1">1734</td></tr><tr><th colspan="4">RegisterTests &#8212; passed</th></tr><tr class="passedeven"><td rowspan="3">tests.RegisterTest</td><td><a href="#m1">testRegisterEmptyFields</a></td><td rowspan="1">1757312973500</td><td rowspan="1">272</td></tr><tr class="passedeven"><td><a href="#m2">testRegisterNegative</a></td><td rowspan="1">1757312966278</td><td rowspan="1">2262</td></tr><tr class="passedeven"><td><a href="#m3">testRegisterPositive</a></td><td rowspan="1">1757312915807</td><td rowspan="1">45679</td></tr></tbody>
<tbody id="t1"><tr><th colspan="4">LoginTests &#8212; passed</th></tr><tr class="passedeven"><td rowspan="4">tests.LoginTest</td><td><a href="#m4">testLoginEmpty</a></td><td rowspan="1">1757313004205</td><td rowspan="1">518</td></tr><tr class="passedeven"><td><a href="#m5">testLoginNegative</a></td><td rowspan="1">1757312996673</td><td rowspan="1">3022</td></tr><tr class="passedeven"><td><a href="#m6">testLoginPositive</a></td><td rowspan="1">1757312985642</td><td rowspan="1">6478</td></tr><tr class="passedeven"><td><a href="#m7">verifyLoginPageTitle</a></td><td rowspan="1">1757312980012</td><td rowspan="1">1508</td></tr></tbody>
<tbody id="t2"><tr><th colspan="4">ProductCartTests &#8212; failed</th></tr><tr class="failedeven"><td rowspan="1">tests.ProductFlowTest</td><td><a href="#m8">completeCheckoutFlow</a></td><td rowspan="1">1757313050843</td><td rowspan="1">14896</td></tr><tr><th colspan="4">ProductCartTests &#8212; passed</th></tr><tr class="passedeven"><td rowspan="3">tests.ProductFlowTest</td><td><a href="#m9">shoppingFlowWithLogin</a></td><td rowspan="1">1757313037931</td><td rowspan="1">9990</td></tr><tr class="passedeven"><td><a href="#m10">verifyProductDetailsPage</a></td><td rowspan="1">1757313031257</td><td rowspan="1">1721</td></tr><tr class="passedeven"><td><a href="#m11">verifyProductsPageTitle</a></td><td rowspan="1">1757313008923</td><td rowspan="1">4221</td></tr></tbody>
<tbody id="t3"><tr><th colspan="4">contactTests &#8212; failed</th></tr><tr class="failedeven"><td rowspan="2">tests.ContactUsTest</td><td><a href="#m12">verifyContactUsPageLoad</a></td><td rowspan="1">1757313068070</td><td rowspan="1">3457</td></tr><tr class="failedeven"><td><a href="#m13">verifyYouTubeChannelLoad</a></td><td rowspan="1">1757313074456</td><td rowspan="1">4061</td></tr><tr><th colspan="4">contactTests &#8212; passed</th></tr><tr class="passedeven"><td rowspan="1">tests.ContactUsTest</td><td><a href="#m14">testSubmitContactFormWithFile</a></td><td rowspan="1">1757313071534</td><td rowspan="1">2917</td></tr></tbody>
</table>
<h2>RegisterTests</h2><h3 id="m0">tests.RegisterTest#verifySignupPageTitle</h3><table class="result"><tr><th>Exception</th></tr><tr><td><div class="stacktrace">java.lang.AssertionError: Signup page title mismatch! Page not loaded correctly. expected [Automation Exercise - Signup] but found [Automation Exercise - Signup / Login]
	at tests.RegisterTest.verifySignupPageTitle(RegisterTest.java:30)
	at java.base/java.util.ArrayList.forEach(ArrayList.java:1596)
... Removed 30 stack frames</div></td></tr></table><p class="totop"><a href="#summary">back to summary</a></p>
<h3 id="m1">tests.RegisterTest#testRegisterEmptyFields</h3><table class="result"><tr><th class="invisible"/></tr></table><p class="totop"><a href="#summary">back to summary</a></p>
<h3 id="m2">tests.RegisterTest#testRegisterNegative</h3><table class="result"><tr><th class="invisible"/></tr></table><p class="totop"><a href="#summary">back to summary</a></p>
<h3 id="m3">tests.RegisterTest#testRegisterPositive</h3><table class="result"><tr><th class="invisible"/></tr></table><p class="totop"><a href="#summary">back to summary</a></p>
<h2>LoginTests</h2><h3 id="m4">tests.LoginTest#testLoginEmpty</h3><table class="result"><tr><th class="invisible"/></tr></table><p class="totop"><a href="#summary">back to summary</a></p>
<h3 id="m5">tests.LoginTest#testLoginNegative</h3><table class="result"><tr><th class="invisible"/></tr></table><p class="totop"><a href="#summary">back to summary</a></p>
<h3 id="m6">tests.LoginTest#testLoginPositive</h3><table class="result"><tr><th class="invisible"/></tr></table><p class="totop"><a href="#summary">back to summary</a></p>
<h3 id="m7">tests.LoginTest#verifyLoginPageTitle</h3><table class="result"><tr><th class="invisible"/></tr></table><p class="totop"><a href="#summary">back to summary</a></p>
<h2>ProductCartTests</h2><h3 id="m8">tests.ProductFlowTest#completeCheckoutFlow</h3><table class="result"><tr><th>Exception</th></tr><tr><td><div class="stacktrace">org.openqa.selenium.ElementClickInterceptedException: element click intercepted: Element &lt;a href=&quot;/payment&quot; class=&quot;btn btn-default check_out&quot;&gt;...&lt;/a&gt; is not clickable at point (1212, 662). Other element would receive the click: &lt;iframe id=&quot;aswift_2&quot; name=&quot;aswift_2&quot; browsingtopics=&quot;true&quot; style=&quot;min-height: auto; max-height: none; min-width: auto; max-width: none; width: 1005px !important; height: 124px !important; display: block; margin: 0px auto;&quot; sandbox=&quot;allow-forms allow-popups allow-popups-to-escape-sandbox allow-same-origin allow-scripts allow-top-navigation-by-user-activation&quot; width=&quot;1005&quot; height=&quot;124&quot; frameborder=&quot;0&quot; marginwidth=&quot;0&quot; marginheight=&quot;0&quot; vspace=&quot;0&quot; hspace=&quot;0&quot; allowtransparency=&quot;true&quot; scrolling=&quot;no&quot; allow=&quot;attribution-reporting; run-ad-auction&quot; src=&quot;https://googleads.g.doubleclick.net/pagead/html/r20250903/r20190131/zrt_lookup_fy2021.html#RS-0-&amp;amp;adk=1812271801&amp;amp;client=ca-pub-1677597403311019&amp;amp;fa=1&amp;amp;ifi=3&amp;amp;uci=a!3&amp;amp;btvi=2&quot; data-google-container-id=&quot;a!3&quot; tabindex=&quot;0&quot; title=&quot;Advertisement&quot; aria-label=&quot;Advertisement&quot; data-google-query-id=&quot;CO_f66bFyI8DFRyKrAIdIzoIog&quot; data-load-complete=&quot;true&quot;&gt;&lt;/iframe&gt;
  (Session info: chrome=140.0.7339.81)
Build info: version: &apos;4.23.0&apos;, revision: &apos;4df0a231af&apos;
System info: os.name: &apos;Windows 11&apos;, os.arch: &apos;amd64&apos;, os.version: &apos;10.0&apos;, java.version: &apos;21.0.1&apos;
Driver info: org.openqa.selenium.chrome.ChromeDriver
Command: [8186f0c829f2287bba4c4c120b798704, clickElement {id=f.7A5A71946AC6F02A4F02FE68291EA781.d.DEEB0DA7098C973204D5DFC4083CFC79.e.599}]
Capabilities {acceptInsecureCerts: false, browserName: chrome, browserVersion: 140.0.7339.81, chrome: {chromedriverVersion: 140.0.7339.80 (670b6f192f46..., userDataDir: C:\Users\allam\AppData\Loca...}, fedcm:accounts: true, goog:chromeOptions: {debuggerAddress: localhost:60243}, networkConnectionEnabled: false, pageLoadStrategy: normal, platformName: windows, proxy: Proxy(), se:cdp: ws://localhost:60243/devtoo..., se:cdpVersion: 140.0.7339.81, setWindowRect: true, strictFileInteractability: false, timeouts: {implicit: 0, pageLoad: 300000, script: 30000}, unhandledPromptBehavior: dismiss and notify, webauthn:extension:credBlob: true, webauthn:extension:largeBlob: true, webauthn:extension:minPinLength: true, webauthn:extension:prf: true, webauthn:virtualAuthenticators: true}
Element: [[ChromeDriver: chrome on windows (8186f0c829f2287bba4c4c120b798704)] -&gt; css selector: a[href=&apos;/payment&apos;]]
Session ID: 8186f0c829f2287bba4c4c120b798704
	at org.openqa.selenium.remote.ErrorCodec.decode(ErrorCodec.java:167)
	at org.openqa.selenium.remote.codec.w3c.W3CHttpResponseCodec.decode(W3CHttpResponseCodec.java:138)
	at org.openqa.selenium.remote.codec.w3c.W3CHttpResponseCodec.decode(W3CHttpResponseCodec.java:50)
	at org.openqa.selenium.remote.HttpCommandExecutor.execute(HttpCommandExecutor.java:190)
	at org.openqa.selenium.remote.service.DriverCommandExecutor.invokeExecute(DriverCommandExecutor.java:216)
	at org.openqa.selenium.remote.service.DriverCommandExecutor.execute(DriverCommandExecutor.java:174)
	at org.openqa.selenium.remote.RemoteWebDriver.execute(RemoteWebDriver.java:527)
	at org.openqa.selenium.remote.RemoteWebElement.execute(RemoteWebElement.java:223)
	at org.openqa.selenium.remote.RemoteWebElement.click(RemoteWebElement.java:76)
	at pages.CheckoutPage.clickPlaceOrder(CheckoutPage.java:21)
	at tests.ProductFlowTest.completeCheckoutFlow(ProductFlowTest.java:119)
	at java.base/java.util.ArrayList.forEach(ArrayList.java:1596)
... Removed 28 stack frames</div></td></tr></table><p class="totop"><a href="#summary">back to summary</a></p>
<h3 id="m9">tests.ProductFlowTest#shoppingFlowWithLogin</h3><table class="result"><tr><th class="invisible"/></tr></table><p class="totop"><a href="#summary">back to summary</a></p>
<h3 id="m10">tests.ProductFlowTest#verifyProductDetailsPage</h3><table class="result"><tr><th class="invisible"/></tr></table><p class="totop"><a href="#summary">back to summary</a></p>
<h3 id="m11">tests.ProductFlowTest#verifyProductsPageTitle</h3><table class="result"><tr><th class="invisible"/></tr></table><p class="totop"><a href="#summary">back to summary</a></p>
<h2>contactTests</h2><h3 id="m12">tests.ContactUsTest#verifyContactUsPageLoad</h3><table class="result"><tr><th>Exception</th></tr><tr><td><div class="stacktrace">java.lang.AssertionError: Expected header &apos;Get In Touch&apos; not found on Contact Us page! expected [true] but found [false]
	at tests.ContactUsTest.verifyContactUsPageLoad(ContactUsTest.java:47)
	at java.base/java.util.ArrayList.forEach(ArrayList.java:1596)
... Removed 28 stack frames</div></td></tr></table><p class="totop"><a href="#summary">back to summary</a></p>
<h3 id="m13">tests.ContactUsTest#verifyYouTubeChannelLoad</h3><table class="result"><tr><th>Exception</th></tr><tr><td><div class="stacktrace">java.lang.AssertionError: YouTube channel title does not contain expected keyword! expected [true] but found [false]
	at tests.ContactUsTest.verifyYouTubeChannelLoad(ContactUsTest.java:88)
	at java.base/java.util.ArrayList.forEach(ArrayList.java:1596)
... Removed 28 stack frames</div></td></tr></table><p class="totop"><a href="#summary">back to summary</a></p>
<h3 id="m14">tests.ContactUsTest#testSubmitContactFormWithFile</h3><table class="result"><tr><th class="invisible"/></tr></table><p class="totop"><a href="#summary">back to summary</a></p>
</body>
</html>
